Tests
┌─────────┬──────────────┬──────────────┬────────┬────────────┬─────────────┬───────────────┬──────┐
│ Test ID │     Name     │ Description  │ Status │ Suite Name │ Error Class │ Error Message │ Time │
├─────────┼──────────────┼──────────────┼────────┼────────────┼─────────────┼───────────────┼──────┤
│    0    │ Regular test │ Unknown test │ FAILED │   Tests    │    Error    │    Unknown    │ 0ms  │
└─────────┴──────────────┴──────────────┴────────┴────────────┴─────────────┴───────────────┴──────┘

My set of tests
┌─────────┬───────────┬─────────────┬────────┬─────────────────┬─────────────┬────────────────────────────────────────────────────┬──────┐
│ Test ID │   Name    │ Description │ Status │   Suite Name    │ Error Class │                   Error Message                    │ Time │
├─────────┼───────────┼─────────────┼────────┼─────────────────┼─────────────┼────────────────────────────────────────────────────┼──────┤
│    0    │  Why not  │ Just a test │ FAILED │ My set of tests │    Error    │ There was an error processing this test. Try again │ 0ms  │
│    1    │ Why not 2 │      -      │   Ok   │ My set of tests │      -      │                         -                          │ 0ms  │
└─────────┴───────────┴─────────────┴────────┴─────────────────┴─────────────┴────────────────────────────────────────────────────┴──────┘
